<?xml version="1.0" encoding="UTF-8" ?>
<testsuite tests="41" failures="1" name="TestSuite" time="0.106" errors="0" skipped="0">
  <properties>
    <property name="java.runtime.name" value="Java(TM) SE Runtime Environment"/>
    <property name="sun.boot.library.path" value="C:\Program Files\Java\jdk1.8.0_241\jre\bin"/>
    <property name="java.vm.version" value="25.241-b07"/>
    <property name="java.vm.vendor" value="Oracle Corporation"/>
    <property name="maven.multiModuleProjectDirectory" value="C:\Users\chinn\eclipse-workspace\StreamDemo"/>
    <property name="java.vendor.url" value="http://java.oracle.com/"/>
    <property name="path.separator" value=";"/>
    <property name="guice.disable.misplaced.annotation.check" value="true"/>
    <property name="java.vm.name" value="Java HotSpot(TM) 64-Bit Server VM"/>
    <property name="file.encoding.pkg" value="sun.io"/>
    <property name="user.script" value=""/>
    <property name="user.country" value="US"/>
    <property name="sun.java.launcher" value="SUN_STANDARD"/>
    <property name="sun.os.patch.level" value=""/>
    <property name="java.vm.specification.name" value="Java Virtual Machine Specification"/>
    <property name="user.dir" value="C:\Users\chinn\eclipse-workspace\StreamDemo"/>
    <property name="java.runtime.version" value="1.8.0_241-b07"/>
    <property name="java.awt.graphicsenv" value="sun.awt.Win32GraphicsEnvironment"/>
    <property name="java.endorsed.dirs" value="C:\Program Files\Java\jdk1.8.0_241\jre\lib\endorsed"/>
    <property name="os.arch" value="amd64"/>
    <property name="java.io.tmpdir" value="C:\Users\chinn\AppData\Local\Temp\"/>
    <property name="line.separator" value="
"/>
    <property name="java.vm.specification.vendor" value="Oracle Corporation"/>
    <property name="user.variant" value=""/>
    <property name="os.name" value="Windows 10"/>
    <property name="classworlds.conf" value="C:\Users\chinn\Desktop\maven1\apache-maven-3.6.3-bin\apache-maven-3.6.3\bin\..\bin\m2.conf"/>
    <property name="sun.jnu.encoding" value="Cp1252"/>
    <property name="java.library.path" value="C:\Program Files\Java\jdk1.8.0_241\bin;C:\Windows\Sun\Java\bin;C:\Windows\system32;C:\Windows;C:\Program Files (x86)\Common Files\Oracle\Java\javapath;C:\Windows\system32;C:\Windows;C:\Windows\System32\Wbem;C:\Windows\System32\WindowsPowerShell\v1.0\;C:\Windows\System32\OpenSSH\;C:\Program Files\Java\jdk1.8.0_241\bin;C:\Users\chinn\Desktop\maven1\apache-maven-3.6.3-bin\apache-maven-3.6.3\bin;C:\Program Files\Git\cmd;C:\Users\chinn\AppData\Local\Microsoft\WindowsApps;C:\Program Files\Java\jdk1.8.0_241\bin;;."/>
    <property name="maven.conf" value="C:\Users\chinn\Desktop\maven1\apache-maven-3.6.3-bin\apache-maven-3.6.3\bin\../conf"/>
    <property name="java.specification.name" value="Java Platform API Specification"/>
    <property name="java.class.version" value="52.0"/>
    <property name="sun.management.compiler" value="HotSpot 64-Bit Tiered Compilers"/>
    <property name="os.version" value="10.0"/>
    <property name="library.jansi.path" value="C:\Users\chinn\Desktop\maven1\apache-maven-3.6.3-bin\apache-maven-3.6.3\bin\..\lib\jansi-native"/>
    <property name="user.home" value="C:\Users\chinn"/>
    <property name="user.timezone" value="America/Los_Angeles"/>
    <property name="java.awt.printerjob" value="sun.awt.windows.WPrinterJob"/>
    <property name="java.specification.version" value="1.8"/>
    <property name="file.encoding" value="Cp1252"/>
    <property name="user.name" value="QA Classes"/>
    <property name="java.class.path" value="C:\Users\chinn\Desktop\maven1\apache-maven-3.6.3-bin\apache-maven-3.6.3\bin\..\boot\plexus-classworlds-2.6.0.jar"/>
    <property name="java.vm.specification.version" value="1.8"/>
    <property name="sun.arch.data.model" value="64"/>
    <property name="java.home" value="C:\Program Files\Java\jdk1.8.0_241\jre"/>
    <property name="sun.java.command" value="org.codehaus.plexus.classworlds.launcher.Launcher test"/>
    <property name="java.specification.vendor" value="Oracle Corporation"/>
    <property name="user.language" value="en"/>
    <property name="awt.toolkit" value="sun.awt.windows.WToolkit"/>
    <property name="java.vm.info" value="mixed mode"/>
    <property name="java.version" value="1.8.0_241"/>
    <property name="java.ext.dirs" value="C:\Program Files\Java\jdk1.8.0_241\jre\lib\ext;C:\Windows\Sun\Java\lib\ext"/>
    <property name="sun.boot.class.path" value="C:\Program Files\Java\jdk1.8.0_241\jre\lib\resources.jar;C:\Program Files\Java\jdk1.8.0_241\jre\lib\rt.jar;C:\Program Files\Java\jdk1.8.0_241\jre\lib\sunrsasign.jar;C:\Program Files\Java\jdk1.8.0_241\jre\lib\jsse.jar;C:\Program Files\Java\jdk1.8.0_241\jre\lib\jce.jar;C:\Program Files\Java\jdk1.8.0_241\jre\lib\charsets.jar;C:\Program Files\Java\jdk1.8.0_241\jre\lib\jfr.jar;C:\Program Files\Java\jdk1.8.0_241\jre\classes"/>
    <property name="sun.stderr.encoding" value="cp437"/>
    <property name="java.vendor" value="Oracle Corporation"/>
    <property name="maven.home" value="C:\Users\chinn\Desktop\maven1\apache-maven-3.6.3-bin\apache-maven-3.6.3\bin\.."/>
    <property name="file.separator" value="\"/>
    <property name="java.vendor.url.bug" value="http://bugreport.sun.com/bugreport/"/>
    <property name="sun.cpu.endian" value="little"/>
    <property name="sun.io.unicode.encoding" value="UnicodeLittle"/>
    <property name="sun.stdout.encoding" value="cp437"/>
    <property name="sun.desktop" value="windows"/>
    <property name="sun.cpu.isalist" value="amd64"/>
  </properties>
  <testcase classname="com.ip.qa.BOperatorTest" name="testOneNegNum" time="0.062"/>
  <testcase classname="com.ip.qa.BOperatorTest" name="testTwoNegNum" time="0"/>
  <testcase classname="com.ip.qa.BOperatorTest" name="testTwoNum" time="0"/>
  <testcase classname="com.ip.qa.BOperatorTest" name="testWithLargeNumbers" time="0"/>
  <testcase classname="com.ip.qa.BOperatorTest" name="testWithZero" time="0"/>
  <testcase classname="com.ip.qa.Comparator2Test" name="testWithAllNegitiveNumbers" time="0.01"/>
  <testcase classname="com.ip.qa.Comparator2Test" name="testWithAllPositiveNumbers" time="0"/>
  <testcase classname="com.ip.qa.Comparator2Test" name="testWithPositiveAndNegitiveNumber" time="0"/>
  <testcase classname="com.ip.qa.Comparator2Test" name="testWithZeroPositiveAndNegitive" time="0"/>
  <testcase classname="com.ip.qa.ComparatorTest" name="testWithAllNegitiveNumbers" time="0.005"/>
  <testcase classname="com.ip.qa.ComparatorTest" name="testWithAllPositiveNumbers" time="0"/>
  <testcase classname="com.ip.qa.ComparatorTest" name="testWithPosiAndNegitive" time="0.001"/>
  <testcase classname="com.ip.qa.ComparatorTest" name="testWithZeroNegitiveNumbers" time="0"/>
  <testcase classname="com.ip.qa.LowerCaseTest" name="testWithLowerCase" time="0.003"/>
  <testcase classname="com.ip.qa.LowerCaseTest" name="testWithLowerUpperords" time="0"/>
  <testcase classname="com.ip.qa.LowerCaseTest" name="testWithMultipleWords" time="0"/>
  <testcase classname="com.ip.qa.LowerCaseTest" name="testWithNumbers" time="0"/>
  <testcase classname="com.ip.qa.LowerCaseTest" name="testWithnumbersWords" time="0"/>
  <testcase classname="com.ip.qa.PredicateDemoTest" name="checkWithEmptyString" time="0.002"/>
  <testcase classname="com.ip.qa.PredicateDemoTest" name="testWithLargeString" time="0"/>
  <testcase classname="com.ip.qa.PredicateDemoTest" name="testWithNumbers" time="0.001"/>
  <testcase classname="com.ip.qa.PredicateDemoTest" name="testWithString" time="0"/>
  <testcase classname="com.ip.qa.StreamDemo1Test" name="checkWithEmptyArray" time="0.006"/>
  <testcase classname="com.ip.qa.StreamDemo1Test" name="checkingWithGreaterThanGivenCondition" time="0"/>
  <testcase classname="com.ip.qa.StreamDemo1Test" name="checkingWithLessthanGivenCondition" time="0"/>
  <testcase classname="com.ip.qa.StreamDemo1Test" name="checkingWithNegitiveAndPositiveNumbers" time="0"/>
  <testcase classname="com.ip.qa.StreamDemo1Test" name="checkingWithNegitiveNumbers" time="0"/>
  <testcase classname="com.ip.qa.StreamDemo2Test" name="testWithEmptyArray" time="0.004"/>
  <testcase classname="com.ip.qa.StreamDemo2Test" name="testWithMultiple" time="0"/>
  <testcase classname="com.ip.qa.StreamDemo2Test" name="testWithNonMultiple" time="0.001"/>
  <testcase classname="com.ip.qa.StreamExample2Test" name="multiple" time="0.002"/>
  <testcase classname="com.ip.qa.StreamExample2Test" name="nmAnyMatch" time="0"/>
  <testcase classname="com.ip.qa.StreamExample2Test" name="nmNotMatch" time="0"/>
  <testcase classname="com.ip.qa.StreamExample2Test" name="nmNull" time="0.004">
    <failure type="java.lang.NullPointerException">java.lang.NullPointerException
	at com.ip.qa.StreamExample2.addTest(StreamExample2.java:14)
	at com.ip.qa.StreamExample2Test.nmNull(StreamExample2Test.java:29)
</failure>
  </testcase>
  <testcase classname="com.ip.qa.StreamExample3Test" name="testWithNotPrime" time="0.003"/>
  <testcase classname="com.ip.qa.StreamExample3Test" name="testWithPrime" time="0"/>
  <testcase classname="com.ip.qa.StreamExample3Test" name="testWithZero" time="0"/>
  <testcase classname="com.ip.qa.StreamReduceTest" name="testWithAllNegitiveNumbers" time="0.002"/>
  <testcase classname="com.ip.qa.StreamReduceTest" name="testWithAllPositiveNumbers" time="0"/>
  <testcase classname="com.ip.qa.StreamReduceTest" name="testWithEmptyString" time="0"/>
  <testcase classname="com.ip.qa.StreamReduceTest" name="testWithPositiveAndNegitiveNumbers" time="0"/>
</testsuite>