<?xml version="1.0" encoding="UTF-8"?>
<!-- Generated by org.testng.reporters.JUnitReportReporter -->
<testsuite skipped="0" hostname="DESKTOP-J9C1L06" name="com.ip.qa.StreamExample3Test" tests="3" failures="0" timestamp="27 Apr 2020 22:10:32 GMT" time="0.004" errors="0">
  <testcase name="testWithPrime" time="0.000" classname="com.ip.qa.StreamExample3Test"/>
  <testcase name="testWithZero" time="0.000" classname="com.ip.qa.StreamExample3Test"/>
  <testcase name="testWithNotPrime" time="0.004" classname="com.ip.qa.StreamExample3Test"/>
</testsuite> <!-- com.ip.qa.StreamExample3Test -->
