<?xml version="1.0" encoding="UTF-8"?>
<!-- Generated by org.testng.reporters.JUnitReportReporter -->
<testsuite skipped="0" hostname="DESKTOP-J9C1L06" name="com.ip.qa.BOperatorTest" tests="5" failures="0" timestamp="27 Apr 2020 22:10:32 GMT" time="0.061" errors="0">
  <testcase name="testWithZero" time="0.000" classname="com.ip.qa.BOperatorTest"/>
  <testcase name="testTwoNum" time="0.000" classname="com.ip.qa.BOperatorTest"/>
  <testcase name="testWithLargeNumbers" time="0.000" classname="com.ip.qa.BOperatorTest"/>
  <testcase name="testTwoNegNum" time="0.000" classname="com.ip.qa.BOperatorTest"/>
  <testcase name="testOneNegNum" time="0.061" classname="com.ip.qa.BOperatorTest"/>
</testsuite> <!-- com.ip.qa.BOperatorTest -->
