<?xml version="1.0" encoding="UTF-8"?>
<!-- Generated by org.testng.reporters.JUnitReportReporter -->
<testsuite skipped="0" hostname="DESKTOP-J9C1L06" name="com.ip.qa.PredicateDemoTest" tests="4" failures="0" timestamp="27 Apr 2020 22:10:32 GMT" time="0.006" errors="0">
  <testcase name="testWithString" time="0.001" classname="com.ip.qa.PredicateDemoTest"/>
  <testcase name="checkWithEmptyString" time="0.004" classname="com.ip.qa.PredicateDemoTest"/>
  <testcase name="testWithLargeString" time="0.001" classname="com.ip.qa.PredicateDemoTest"/>
  <testcase name="testWithNumbers" time="0.000" classname="com.ip.qa.PredicateDemoTest"/>
</testsuite> <!-- com.ip.qa.PredicateDemoTest -->
