<?xml version="1.0" encoding="UTF-8"?>
<!-- Generated by org.testng.reporters.JUnitReportReporter -->
<testsuite skipped="0" hostname="DESKTOP-J9C1L06" name="com.ip.qa.ComparatorTest" tests="4" failures="0" timestamp="27 Apr 2020 22:10:32 GMT" time="0.005" errors="0">
  <testcase name="testWithZeroNegitiveNumbers" time="0.001" classname="com.ip.qa.ComparatorTest"/>
  <testcase name="testWithAllNegitiveNumbers" time="0.004" classname="com.ip.qa.ComparatorTest"/>
  <testcase name="testWithAllPositiveNumbers" time="0.000" classname="com.ip.qa.ComparatorTest"/>
  <testcase name="testWithPosiAndNegitive" time="0.000" classname="com.ip.qa.ComparatorTest"/>
</testsuite> <!-- com.ip.qa.ComparatorTest -->
