<?xml version="1.0" encoding="UTF-8"?>
<!-- Generated by org.testng.reporters.JUnitReportReporter -->
<testsuite skipped="0" hostname="DESKTOP-J9C1L06" name="com.ip.qa.LowerCaseTest" tests="5" failures="0" timestamp="27 Apr 2020 22:10:32 GMT" time="0.003" errors="0">
  <testcase name="testWithLowerUpperords" time="0.000" classname="com.ip.qa.LowerCaseTest"/>
  <testcase name="testWithNumbers" time="0.000" classname="com.ip.qa.LowerCaseTest"/>
  <testcase name="testWithnumbersWords" time="0.000" classname="com.ip.qa.LowerCaseTest"/>
  <testcase name="testWithMultipleWords" time="0.001" classname="com.ip.qa.LowerCaseTest"/>
  <testcase name="testWithLowerCase" time="0.002" classname="com.ip.qa.LowerCaseTest"/>
</testsuite> <!-- com.ip.qa.LowerCaseTest -->
