<?xml version="1.0" encoding="UTF-8"?>
<!-- Generated by org.testng.reporters.JUnitReportReporter -->
<testsuite skipped="0" hostname="DESKTOP-J9C1L06" name="com.ip.qa.Comparator2Test" tests="4" failures="0" timestamp="27 Apr 2020 22:10:32 GMT" time="0.012" errors="0">
  <testcase name="testWithZeroPositiveAndNegitive" time="0.001" classname="com.ip.qa.Comparator2Test"/>
  <testcase name="testWithAllPositiveNumbers" time="0.001" classname="com.ip.qa.Comparator2Test"/>
  <testcase name="testWithAllNegitiveNumbers" time="0.010" classname="com.ip.qa.Comparator2Test"/>
  <testcase name="testWithPositiveAndNegitiveNumber" time="0.000" classname="com.ip.qa.Comparator2Test"/>
</testsuite> <!-- com.ip.qa.Comparator2Test -->
