<?xml version="1.0" encoding="UTF-8"?>
<!-- Generated by org.testng.reporters.JUnitReportReporter -->
<testsuite skipped="0" hostname="DESKTOP-J9C1L06" name="com.ip.qa.StreamDemo2Test" tests="3" failures="0" timestamp="27 Apr 2020 22:10:32 GMT" time="0.003" errors="0">
  <testcase name="testWithNonMultiple" time="0.000" classname="com.ip.qa.StreamDemo2Test"/>
  <testcase name="testWithMultiple" time="0.000" classname="com.ip.qa.StreamDemo2Test"/>
  <testcase name="testWithEmptyArray" time="0.003" classname="com.ip.qa.StreamDemo2Test"/>
</testsuite> <!-- com.ip.qa.StreamDemo2Test -->
